<?xml version="1.0" encoding="UTF-8"?>
<!-- Generated by org.testng.reporters.JUnitReportReporter -->
<testsuite hostname="gregorys-MacBook-Pro.local" name="uitest.generated.Parallel03IT" tests="1" failures="0" timestamp="17 Jan 2019 22:01:13 GMT" time="0.155" errors="0">
  <testcase name="feature" time="0.155" classname="uitest.generated.Parallel03IT"/>
</testsuite> <!-- uitest.generated.Parallel03IT -->
