<?xml version="1.0" encoding="UTF-8"?>
<!-- Generated by org.testng.reporters.JUnitReportReporter -->
<testsuite hostname="gregorys-MacBook-Pro.local" name="uitest.generated.Parallel04IT" tests="1" failures="0" timestamp="17 Jan 2019 22:04:25 GMT" time="0.146" errors="0">
  <testcase name="feature" time="0.146" classname="uitest.generated.Parallel04IT"/>
</testsuite> <!-- uitest.generated.Parallel04IT -->
